<?xml version="1.0" encoding="UTF-8"?><testsuites failures="1" name="dependency-check" tests="120"><testsuite failures="0" id="0" name="/home/runner/.m2/repository/com/hankcs/aho-corasick-double-array-trie/1.2.3/aho-corasick-double-array-trie-1.2.3.jar" package="aho-corasick-double-array-trie-1.2.3.jar" skipped="0" tests="1" timestamp="2021-12-18T18:26:33.534854"><testcase classname="dependency-check" name="aho-corasick-double-array-trie-1.2.3.jar"/></testsuite><testsuite failures="0" id="1" name="/home/runner/.m2/repository/com/vaadin/external/google/android-json/0.0.20131108.vaadin1/android-json-0.0.20131108.vaadin1.jar" package="android-json-0.0.20131108.vaadin1.jar" skipped="0" tests="1" timestamp="2021-12-18T18:26:33.534854"><testcase classname="dependency-check" name="android-json-0.0.20131108.vaadin1.jar"/></testsuite><testsuite failures="0" id="2" name="/home/runner/.m2/repository/aopalliance/aopalliance/1.0/aopalliance-1.0.jar" package="aopalliance-1.0.jar" skipped="0" tests="1" timestamp="2021-12-18T18:26:33.534854"><testcase classname="dependency-check" name="aopalliance-1.0.jar"/></testsuite><testsuite failures="0" id="3" name="/home/runner/.m2/repository/com/cognitect/aws/api/0.8.524/api-0.8.524.jar" package="api-0.8.524.jar" skipped="0" tests="1" timestamp="2021-12-18T18:26:33.534854"><testcase classname="dependency-check" name="api-0.8.524.jar"/></testsuite><testsuite failures="0" id="4" name="/home/runner/.m2/repository/org/ow2/asm/asm/5.2/asm-5.2.jar" package="asm-5.2.jar" skipped="0" tests="1" timestamp="2021-12-18T18:26:33.534854"><testcase classname="dependency-check" name="asm-5.2.jar"/></testsuite><testsuite failures="0" id="5" name="/home/runner/.m2/repository/org/checkerframework/checker-qual/3.12.0/checker-qual-3.12.0.jar" package="checker-qual-3.12.0.jar" skipped="0" tests="1" timestamp="2021-12-18T18:26:33.534854"><testcase classname="dependency-check" name="checker-qual-3.12.0.jar"/></testsuite><testsuite failures="0" id="6" name="/home/runner/.m2/repository/clansi/clansi/1.0.0/clansi-1.0.0.jar" package="clansi-1.0.0.jar" skipped="0" tests="1" timestamp="2021-12-18T18:26:33.534854"><testcase classname="dependency-check" name="clansi-1.0.0.jar"/></testsuite><testsuite failures="0" id="7" name="/home/runner/.m2/repository/org/clojure/clojure/1.10.3/clojure-1.10.3.jar" package="clojure-1.10.3.jar" skipped="0" tests="1" timestamp="2021-12-18T18:26:33.534854"><testcase classname="dependency-check" name="clojure-1.10.3.jar"/></testsuite><testsuite failures="0" id="8" name="/home/runner/.m2/repository/commons-beanutils/commons-beanutils/1.9.4/commons-beanutils-1.9.4.jar" package="commons-beanutils-1.9.4.jar" skipped="0" tests="1" timestamp="2021-12-18T18:26:33.534854"><testcase classname="dependency-check" name="commons-beanutils-1.9.4.jar"/></testsuite><testsuite failures="0" id="9" name="/home/runner/.m2/repository/commons-codec/commons-codec/1.15/commons-codec-1.15.jar" package="commons-codec-1.15.jar" skipped="0" tests="1" timestamp="2021-12-18T18:26:33.534854"><testcase classname="dependency-check" name="commons-codec-1.15.jar"/></testsuite><testsuite failures="0" id="10" name="/home/runner/.m2/repository/commons-collections/commons-collections/3.2.2/commons-collections-3.2.2.jar" package="commons-collections-3.2.2.jar" skipped="0" tests="1" timestamp="2021-12-18T18:26:33.534854"><testcase classname="dependency-check" name="commons-collections-3.2.2.jar"/></testsuite><testsuite failures="0" id="11" name="/home/runner/.m2/repository/org/apache/commons/commons-compress/1.21/commons-compress-1.21.jar" package="commons-compress-1.21.jar" skipped="0" tests="1" timestamp="2021-12-18T18:26:33.534854"><testcase classname="dependency-check" name="commons-compress-1.21.jar"/></testsuite><testsuite failures="0" id="12" name="/home/runner/.m2/repository/org/apache/commons/commons-dbcp2/2.9.0/commons-dbcp2-2.9.0.jar" package="commons-dbcp2-2.9.0.jar" skipped="0" tests="1" timestamp="2021-12-18T18:26:33.534854"><testcase classname="dependency-check" name="commons-dbcp2-2.9.0.jar"/></testsuite><testsuite failures="0" id="13" name="/home/runner/.m2/repository/commons-digester/commons-digester/2.1/commons-digester-2.1.jar" package="commons-digester-2.1.jar" skipped="0" tests="1" timestamp="2021-12-18T18:26:33.534854"><testcase classname="dependency-check" name="commons-digester-2.1.jar"/></testsuite><testsuite failures="0" id="14" name="/home/runner/.m2/repository/commons-io/commons-io/2.11.0/commons-io-2.11.0.jar" package="commons-io-2.11.0.jar" skipped="0" tests="1" timestamp="2021-12-18T18:26:33.534854"><testcase classname="dependency-check" name="commons-io-2.11.0.jar"/></testsuite><testsuite failures="0" id="15" name="/home/runner/.m2/repository/org/apache/commons/commons-jcs-core/2.2.1/commons-jcs-core-2.2.1.jar" package="commons-jcs-core-2.2.1.jar" skipped="0" tests="1" timestamp="2021-12-18T18:26:33.534854"><testcase classname="dependency-check" name="commons-jcs-core-2.2.1.jar"/></testsuite><testsuite failures="0" id="16" name="/home/runner/.m2/repository/org/apache/commons/commons-lang3/3.12.0/commons-lang3-3.12.0.jar" package="commons-lang3-3.12.0.jar" skipped="0" tests="1" timestamp="2021-12-18T18:26:33.534854"><testcase classname="dependency-check" name="commons-lang3-3.12.0.jar"/></testsuite><testsuite failures="0" id="17" name="/home/runner/.m2/repository/commons-logging/commons-logging/1.2/commons-logging-1.2.jar" package="commons-logging-1.2.jar" skipped="0" tests="1" timestamp="2021-12-18T18:26:33.534854"><testcase classname="dependency-check" name="commons-logging-1.2.jar"/></testsuite><testsuite failures="0" id="18" name="/home/runner/.m2/repository/org/apache/commons/commons-pool2/2.10.0/commons-pool2-2.10.0.jar" package="commons-pool2-2.10.0.jar" skipped="0" tests="1" timestamp="2021-12-18T18:26:33.534854"><testcase classname="dependency-check" name="commons-pool2-2.10.0.jar"/></testsuite><testsuite failures="0" id="19" name="/home/runner/.m2/repository/org/apache/commons/commons-text/1.9/commons-text-1.9.jar" package="commons-text-1.9.jar" skipped="0" tests="1" timestamp="2021-12-18T18:26:33.534854"><testcase classname="dependency-check" name="commons-text-1.9.jar"/></testsuite><testsuite failures="0" id="20" name="/home/runner/.m2/repository/commons-validator/commons-validator/1.7/commons-validator-1.7.jar" package="commons-validator-1.7.jar" skipped="0" tests="1" timestamp="2021-12-18T18:26:33.534854"><testcase classname="dependency-check" name="commons-validator-1.7.jar"/></testsuite><testsuite failures="0" id="21" name="/home/runner/.m2/repository/com/github/spullara/mustache/java/compiler/0.9.6/compiler-0.9.6.jar" package="compiler-0.9.6.jar" skipped="0" tests="1" timestamp="2021-12-18T18:26:33.534854"><testcase classname="dependency-check" name="compiler-0.9.6.jar"/></testsuite><testsuite failures="0" id="22" name="/home/runner/.m2/repository/org/clojure/core.async/1.3.622/core.async-1.3.622.jar" package="core.async-1.3.622.jar" skipped="0" tests="1" timestamp="2021-12-18T18:26:33.534854"><testcase classname="dependency-check" name="core.async-1.3.622.jar"/></testsuite><testsuite failures="0" id="23" name="/home/runner/.m2/repository/org/clojure/core.cache/1.0.207/core.cache-1.0.207.jar" package="core.cache-1.0.207.jar" skipped="0" tests="1" timestamp="2021-12-18T18:26:33.534854"><testcase classname="dependency-check" name="core.cache-1.0.207.jar"/></testsuite><testsuite failures="0" id="24" name="/home/runner/.m2/repository/org/clojure/core.memoize/1.0.236/core.memoize-1.0.236.jar" package="core.memoize-1.0.236.jar" skipped="0" tests="1" timestamp="2021-12-18T18:26:33.534854"><testcase classname="dependency-check" name="core.memoize-1.0.236.jar"/></testsuite><testsuite failures="0" id="25" name="/home/runner/.m2/repository/org/clojure/core.specs.alpha/0.2.56/core.specs.alpha-0.2.56.jar" package="core.specs.alpha-0.2.56.jar" skipped="0" tests="1" timestamp="2021-12-18T18:26:33.534854"><testcase classname="dependency-check" name="core.specs.alpha-0.2.56.jar"/></testsuite><testsuite failures="0" id="26" name="/home/runner/.m2/repository/us/springett/cpe-parser/2.0.2/cpe-parser-2.0.2.jar" package="cpe-parser-2.0.2.jar" skipped="0" tests="1" timestamp="2021-12-18T18:26:33.534854"><testcase classname="dependency-check" name="cpe-parser-2.0.2.jar"/></testsuite><testsuite failures="0" id="27" name="/home/runner/.m2/repository/org/clojure/data.codec/0.1.0/data.codec-0.1.0.jar" package="data.codec-0.1.0.jar" skipped="0" tests="1" timestamp="2021-12-18T18:26:33.534854"><testcase classname="dependency-check" name="data.codec-0.1.0.jar"/></testsuite><testsuite failures="0" id="28" name="/home/runner/.m2/repository/org/clojure/data.json/2.4.0/data.json-2.4.0.jar" package="data.json-2.4.0.jar" skipped="0" tests="1" timestamp="2021-12-18T18:26:33.534854"><testcase classname="dependency-check" name="data.json-2.4.0.jar"/></testsuite><testsuite failures="0" id="29" name="/home/runner/.m2/repository/org/clojure/data.priority-map/1.0.0/data.priority-map-1.0.0.jar" package="data.priority-map-1.0.0.jar" skipped="0" tests="1" timestamp="2021-12-18T18:26:33.534854"><testcase classname="dependency-check" name="data.priority-map-1.0.0.jar"/></testsuite><testsuite failures="0" id="30" name="/home/runner/.m2/repository/org/clojure/data.xml/0.2.0-alpha6/data.xml-0.2.0-alpha6.jar" package="data.xml-0.2.0-alpha6.jar" skipped="0" tests="1" timestamp="2021-12-18T18:26:33.534854"><testcase classname="dependency-check" name="data.xml-0.2.0-alpha6.jar"/></testsuite><testsuite failures="0" id="31" name="/home/runner/.m2/repository/org/owasp/dependency-check-core/6.5.0/dependency-check-core-6.5.0.jar" package="dependency-check-core-6.5.0.jar" skipped="0" tests="1" timestamp="2021-12-18T18:26:33.534854"><testcase classname="dependency-check" name="dependency-check-core-6.5.0.jar"/></testsuite><testsuite failures="0" id="32" name="/home/runner/.m2/repository/org/owasp/dependency-check-core/6.5.0/dependency-check-core-6.5.0.jar/templates/scripts/jquery-3.5.1.min.js" package="dependency-check-core-6.5.0.jar: jquery-3.5.1.min.js" skipped="0" tests="1" timestamp="2021-12-18T18:26:33.534854"><testcase classname="dependency-check" name="dependency-check-core-6.5.0.jar: jquery-3.5.1.min.js"/></testsuite><testsuite failures="0" id="33" name="/home/runner/.m2/repository/com/cognitect/aws/endpoints/1.1.12.93/endpoints-1.1.12.93.jar" package="endpoints-1.1.12.93.jar" skipped="0" tests="1" timestamp="2021-12-18T18:26:33.534854"><testcase classname="dependency-check" name="endpoints-1.1.12.93.jar"/></testsuite><testsuite failures="0" id="34" name="/home/runner/.m2/repository/com/google/errorprone/error_prone_annotations/2.7.1/error_prone_annotations-2.7.1.jar" package="error_prone_annotations-2.7.1.jar" skipped="0" tests="1" timestamp="2021-12-18T18:26:33.534854"><testcase classname="dependency-check" name="error_prone_annotations-2.7.1.jar"/></testsuite><testsuite failures="0" id="35" name="/home/runner/.m2/repository/com/google/guava/failureaccess/1.0.1/failureaccess-1.0.1.jar" package="failureaccess-1.0.1.jar" skipped="0" tests="1" timestamp="2021-12-18T18:26:33.534854"><testcase classname="dependency-check" name="failureaccess-1.0.1.jar"/></testsuite><testsuite failures="0" id="36" name="/home/runner/.m2/repository/com/google/code/gson/gson/2.8.5/gson-2.8.5.jar" package="gson-2.8.5.jar" skipped="0" tests="1" timestamp="2021-12-18T18:26:33.534854"><testcase classname="dependency-check" name="gson-2.8.5.jar"/></testsuite><testsuite failures="0" id="37" name="/home/runner/.m2/repository/com/google/guava/guava/31.0.1-jre/guava-31.0.1-jre.jar" package="guava-31.0.1-jre.jar" skipped="0" tests="1" timestamp="2021-12-18T18:26:33.534854"><testcase classname="dependency-check" name="guava-31.0.1-jre.jar"/></testsuite><testsuite failures="0" id="38" name="/home/runner/.m2/repository/com/google/inject/guice/4.2.2/guice-4.2.2-no_aop.jar" package="guice-4.2.2-no_aop.jar" skipped="0" tests="1" timestamp="2021-12-18T18:26:33.534854"><testcase classname="dependency-check" name="guice-4.2.2-no_aop.jar"/></testsuite><testsuite failures="1" id="39" name="/home/runner/.m2/repository/com/h2database/h2/1.4.199/h2-1.4.199.jar" package="h2-1.4.199.jar" skipped="0" tests="1" timestamp="2021-12-18T18:26:33.534854"><testcase classname="CVE-2021-23463" name="pkg:maven/com.h2database/h2@1.4.199"><failure message="cvssV3: CRITICAL, score: 9.1 (CVSS:3.1/AV:N/AC:L/PR:N/UI:N/S:U/C:H/I:N/A:H)"/><system-out>The package com.h2database:h2 from 0 and before 2.0.202 are vulnerable to XML External Entity (XXE) Injection via the org.h2.jdbc.JdbcSQLXML class object, when it receives parsed string data from org.h2.jdbc.JdbcResultSet.getSQLXML() method. If it executes the getSource() method when the parameter is DOMSource.class it will trigger the vulnerability.</system-out><system-err>location: /home/runner/.m2/repository/com/h2database/h2/1.4.199/h2-1.4.199.jar</system-err></testcase></testsuite><testsuite failures="0" id="40" name="/home/runner/.m2/repository/com/h2database/h2/1.4.199/h2-1.4.199.jar/org/h2/util/data.zip/org/h2/server/web/res/table.js" package="h2-1.4.199.jar: data.zip: table.js" skipped="0" tests="1" timestamp="2021-12-18T18:26:33.534854"><testcase classname="dependency-check" name="h2-1.4.199.jar: data.zip: table.js"/></testsuite><testsuite failures="0" id="41" name="/home/runner/.m2/repository/com/h2database/h2/1.4.199/h2-1.4.199.jar/org/h2/util/data.zip/org/h2/server/web/res/tree.js" package="h2-1.4.199.jar: data.zip: tree.js" skipped="0" tests="1" timestamp="2021-12-18T18:26:33.534854"><testcase classname="dependency-check" name="h2-1.4.199.jar: data.zip: tree.js"/></testsuite><testsuite failures="0" id="42" name="/home/runner/.m2/repository/com/cognitect/http-client/0.1.106/http-client-0.1.106.jar" package="http-client-0.1.106.jar" skipped="0" tests="1" timestamp="2021-12-18T18:26:33.534854"><testcase classname="dependency-check" name="http-client-0.1.106.jar"/></testsuite><testsuite failures="0" id="43" name="/home/runner/.m2/repository/org/apache/httpcomponents/httpclient/4.5.13/httpclient-4.5.13.jar" package="httpclient-4.5.13.jar" skipped="0" tests="1" timestamp="2021-12-18T18:26:33.534854"><testcase classname="dependency-check" name="httpclient-4.5.13.jar"/></testsuite><testsuite failures="0" id="44" name="/home/runner/.m2/repository/org/apache/httpcomponents/httpcore/4.4.14/httpcore-4.4.14.jar" package="httpcore-4.4.14.jar" skipped="0" tests="1" timestamp="2021-12-18T18:26:33.534854"><testcase classname="dependency-check" name="httpcore-4.4.14.jar"/></testsuite><testsuite failures="0" id="45" name="/home/runner/.m2/repository/com/google/j2objc/j2objc-annotations/1.3/j2objc-annotations-1.3.jar" package="j2objc-annotations-1.3.jar" skipped="0" tests="1" timestamp="2021-12-18T18:26:33.534854"><testcase classname="dependency-check" name="j2objc-annotations-1.3.jar"/></testsuite><testsuite failures="0" id="46" name="/home/runner/.m2/repository/com/fasterxml/jackson/core/jackson-core/2.13.0/jackson-core-2.13.0.jar" package="jackson-core-2.13.0.jar" skipped="0" tests="1" timestamp="2021-12-18T18:26:33.534854"><testcase classname="dependency-check" name="jackson-core-2.13.0.jar"/></testsuite><testsuite failures="0" id="47" name="/home/runner/.m2/repository/com/fasterxml/jackson/core/jackson-databind/2.13.0/jackson-databind-2.13.0.jar" package="jackson-databind-2.13.0.jar" skipped="0" tests="1" timestamp="2021-12-18T18:26:33.534854"><testcase classname="dependency-check" name="jackson-databind-2.13.0.jar"/></testsuite><testsuite failures="0" id="48" name="/home/runner/.m2/repository/com/fasterxml/jackson/module/jackson-module-afterburner/2.13.0/jackson-module-afterburner-2.13.0.jar" package="jackson-module-afterburner-2.13.0.jar" skipped="0" tests="1" timestamp="2021-12-18T18:26:33.534854"><testcase classname="dependency-check" name="jackson-module-afterburner-2.13.0.jar"/></testsuite><testsuite failures="0" id="49" name="/home/runner/.m2/repository/org/clojure/java.classpath/1.0.0/java.classpath-1.0.0.jar" package="java.classpath-1.0.0.jar" skipped="0" tests="1" timestamp="2021-12-18T18:26:33.534854"><testcase classname="dependency-check" name="java.classpath-1.0.0.jar"/></testsuite><testsuite failures="0" id="50" name="/home/runner/.m2/repository/javax/annotation/javax.annotation-api/1.3.2/javax.annotation-api-1.3.2.jar" package="javax.annotation-api-1.3.2.jar" skipped="0" tests="1" timestamp="2021-12-18T18:26:33.534854"><testcase classname="dependency-check" name="javax.annotation-api-1.3.2.jar"/></testsuite><testsuite failures="0" id="51" name="/home/runner/.m2/repository/javax/inject/javax.inject/1/javax.inject-1.jar" package="javax.inject-1.jar" skipped="0" tests="1" timestamp="2021-12-18T18:26:33.534854"><testcase classname="dependency-check" name="javax.inject-1.jar"/></testsuite><testsuite failures="0" id="52" name="/home/runner/.m2/repository/org/glassfish/javax.json/1.1.4/javax.json-1.1.4.jar" package="javax.json-1.1.4.jar" skipped="0" tests="1" timestamp="2021-12-18T18:26:33.534854"><testcase classname="dependency-check" name="javax.json-1.1.4.jar"/></testsuite><testsuite failures="0" id="53" name="/home/runner/.m2/repository/javax/ws/rs/javax.ws.rs-api/2.0.1/javax.ws.rs-api-2.0.1.jar" package="javax.ws.rs-api-2.0.1.jar" skipped="0" tests="1" timestamp="2021-12-18T18:26:33.534854"><testcase classname="dependency-check" name="javax.ws.rs-api-2.0.1.jar"/></testsuite><testsuite failures="0" id="54" name="/home/runner/.m2/repository/org/slf4j/jcl-over-slf4j/1.7.30/jcl-over-slf4j-1.7.30.jar" package="jcl-over-slf4j-1.7.30.jar" skipped="0" tests="1" timestamp="2021-12-18T18:26:33.534854"><testcase classname="dependency-check" name="jcl-over-slf4j-1.7.30.jar"/></testsuite><testsuite failures="0" id="55" name="/home/runner/.m2/repository/org/anarres/jdiagnostics/jdiagnostics/1.0.7/jdiagnostics-1.0.7.jar" package="jdiagnostics-1.0.7.jar" skipped="0" tests="1" timestamp="2021-12-18T18:26:33.534854"><testcase classname="dependency-check" name="jdiagnostics-1.0.7.jar"/></testsuite><testsuite failures="0" id="56" name="/home/runner/.m2/repository/org/eclipse/jetty/jetty-io/11.0.7/jetty-io-11.0.7.jar" package="jetty-io-11.0.7.jar" skipped="0" tests="1" timestamp="2021-12-18T18:26:33.534854"><testcase classname="dependency-check" name="jetty-io-11.0.7.jar"/></testsuite><testsuite failures="0" id="57" name="/home/runner/.m2/repository/joda-time/joda-time/2.10.4/joda-time-2.10.4.jar" package="joda-time-2.10.4.jar" skipped="0" tests="1" timestamp="2021-12-18T18:26:33.534854"><testcase classname="dependency-check" name="joda-time-2.10.4.jar"/></testsuite><testsuite failures="0" id="58" name="/home/runner/.m2/repository/org/jsoup/jsoup/1.14.3/jsoup-1.14.3.jar" package="jsoup-1.14.3.jar" skipped="0" tests="1" timestamp="2021-12-18T18:26:33.534854"><testcase classname="dependency-check" name="jsoup-1.14.3.jar"/></testsuite><testsuite failures="0" id="59" name="/home/runner/.m2/repository/com/google/code/findbugs/jsr305/3.0.2/jsr305-3.0.2.jar" package="jsr305-3.0.2.jar" skipped="0" tests="1" timestamp="2021-12-18T18:26:33.534854"><testcase classname="dependency-check" name="jsr305-3.0.2.jar"/></testsuite><testsuite failures="0" id="60" name="/home/runner/.m2/repository/com/google/guava/listenablefuture/9999.0-empty-to-avoid-conflict-with-guava/listenablefuture-9999.0-empty-to-avoid-conflict-with-guava.jar" package="listenablefuture-9999.0-empty-to-avoid-conflict-with-guava.jar" skipped="0" tests="1" timestamp="2021-12-18T18:26:33.534854"><testcase classname="dependency-check" name="listenablefuture-9999.0-empty-to-avoid-conflict-with-guava.jar"/></testsuite><testsuite failures="0" id="61" name="/home/runner/.m2/repository/org/apache/lucene/lucene-analyzers-common/8.10.1/lucene-analyzers-common-8.10.1.jar" package="lucene-analyzers-common-8.10.1.jar" skipped="0" tests="1" timestamp="2021-12-18T18:26:33.534854"><testcase classname="dependency-check" name="lucene-analyzers-common-8.10.1.jar"/></testsuite><testsuite failures="0" id="62" name="/home/runner/.m2/repository/org/apache/lucene/lucene-core/8.10.1/lucene-core-8.10.1.jar" package="lucene-core-8.10.1.jar" skipped="0" tests="1" timestamp="2021-12-18T18:26:33.534854"><testcase classname="dependency-check" name="lucene-core-8.10.1.jar"/></testsuite><testsuite failures="0" id="63" name="/home/runner/.m2/repository/org/apache/lucene/lucene-queries/8.10.1/lucene-queries-8.10.1.jar" package="lucene-queries-8.10.1.jar" skipped="0" tests="1" timestamp="2021-12-18T18:26:33.534854"><testcase classname="dependency-check" name="lucene-queries-8.10.1.jar"/></testsuite><testsuite failures="0" id="64" name="/home/runner/.m2/repository/org/apache/lucene/lucene-queryparser/8.10.1/lucene-queryparser-8.10.1.jar" package="lucene-queryparser-8.10.1.jar" skipped="0" tests="1" timestamp="2021-12-18T18:26:33.534854"><testcase classname="dependency-check" name="lucene-queryparser-8.10.1.jar"/></testsuite><testsuite failures="0" id="65" name="/home/runner/.m2/repository/org/apache/lucene/lucene-sandbox/8.10.1/lucene-sandbox-8.10.1.jar" package="lucene-sandbox-8.10.1.jar" skipped="0" tests="1" timestamp="2021-12-18T18:26:33.534854"><testcase classname="dependency-check" name="lucene-sandbox-8.10.1.jar"/></testsuite><testsuite failures="0" id="66" name="/home/runner/.m2/repository/org/apache/maven/maven-artifact/3.8.3/maven-artifact-3.8.3.jar" package="maven-artifact-3.8.3.jar" skipped="0" tests="1" timestamp="2021-12-18T18:26:33.534854"><testcase classname="dependency-check" name="maven-artifact-3.8.3.jar"/></testsuite><testsuite failures="0" id="67" name="/home/runner/.m2/repository/org/apache/maven/maven-builder-support/3.8.3/maven-builder-support-3.8.3.jar" package="maven-builder-support-3.8.3.jar" skipped="0" tests="1" timestamp="2021-12-18T18:26:33.534854"><testcase classname="dependency-check" name="maven-builder-support-3.8.3.jar"/></testsuite><testsuite failures="0" id="68" name="/home/runner/.m2/repository/org/apache/maven/maven-core/3.8.3/maven-core-3.8.3.jar" package="maven-core-3.8.3.jar" skipped="0" tests="1" timestamp="2021-12-18T18:26:33.534854"><testcase classname="dependency-check" name="maven-core-3.8.3.jar"/></testsuite><testsuite failures="0" id="69" name="/home/runner/.m2/repository/org/apache/maven/maven-model/3.8.3/maven-model-3.8.3.jar" package="maven-model-3.8.3.jar" skipped="0" tests="1" timestamp="2021-12-18T18:26:33.534854"><testcase classname="dependency-check" name="maven-model-3.8.3.jar"/></testsuite><testsuite failures="0" id="70" name="/home/runner/.m2/repository/org/apache/maven/maven-model-builder/3.8.3/maven-model-builder-3.8.3.jar" package="maven-model-builder-3.8.3.jar" skipped="0" tests="1" timestamp="2021-12-18T18:26:33.534854"><testcase classname="dependency-check" name="maven-model-builder-3.8.3.jar"/></testsuite><testsuite failures="0" id="71" name="/home/runner/.m2/repository/org/apache/maven/maven-plugin-api/3.8.3/maven-plugin-api-3.8.3.jar" package="maven-plugin-api-3.8.3.jar" skipped="0" tests="1" timestamp="2021-12-18T18:26:33.534854"><testcase classname="dependency-check" name="maven-plugin-api-3.8.3.jar"/></testsuite><testsuite failures="0" id="72" name="/home/runner/.m2/repository/org/apache/maven/maven-repository-metadata/3.8.3/maven-repository-metadata-3.8.3.jar" package="maven-repository-metadata-3.8.3.jar" skipped="0" tests="1" timestamp="2021-12-18T18:26:33.534854"><testcase classname="dependency-check" name="maven-repository-metadata-3.8.3.jar"/></testsuite><testsuite failures="0" id="73" name="/home/runner/.m2/repository/org/apache/maven/resolver/maven-resolver-api/1.7.2/maven-resolver-api-1.7.2.jar" package="maven-resolver-api-1.7.2.jar" skipped="0" tests="1" timestamp="2021-12-18T18:26:33.534854"><testcase classname="dependency-check" name="maven-resolver-api-1.7.2.jar"/></testsuite><testsuite failures="0" id="74" name="/home/runner/.m2/repository/org/apache/maven/resolver/maven-resolver-connector-basic/1.6.3/maven-resolver-connector-basic-1.6.3.jar" package="maven-resolver-connector-basic-1.6.3.jar" skipped="0" tests="1" timestamp="2021-12-18T18:26:33.534854"><testcase classname="dependency-check" name="maven-resolver-connector-basic-1.6.3.jar"/></testsuite><testsuite failures="0" id="75" name="/home/runner/.m2/repository/org/apache/maven/resolver/maven-resolver-impl/1.7.2/maven-resolver-impl-1.7.2.jar" package="maven-resolver-impl-1.7.2.jar" skipped="0" tests="1" timestamp="2021-12-18T18:26:33.534854"><testcase classname="dependency-check" name="maven-resolver-impl-1.7.2.jar"/></testsuite><testsuite failures="0" id="76" name="/home/runner/.m2/repository/org/apache/maven/resolver/maven-resolver-named-locks/1.7.2/maven-resolver-named-locks-1.7.2.jar" package="maven-resolver-named-locks-1.7.2.jar" skipped="0" tests="1" timestamp="2021-12-18T18:26:33.534854"><testcase classname="dependency-check" name="maven-resolver-named-locks-1.7.2.jar"/></testsuite><testsuite failures="0" id="77" name="/home/runner/.m2/repository/org/apache/maven/maven-resolver-provider/3.8.3/maven-resolver-provider-3.8.3.jar" package="maven-resolver-provider-3.8.3.jar" skipped="0" tests="1" timestamp="2021-12-18T18:26:33.534854"><testcase classname="dependency-check" name="maven-resolver-provider-3.8.3.jar"/></testsuite><testsuite failures="0" id="78" name="/home/runner/.m2/repository/org/apache/maven/resolver/maven-resolver-spi/1.7.2/maven-resolver-spi-1.7.2.jar" package="maven-resolver-spi-1.7.2.jar" skipped="0" tests="1" timestamp="2021-12-18T18:26:33.534854"><testcase classname="dependency-check" name="maven-resolver-spi-1.7.2.jar"/></testsuite><testsuite failures="0" id="79" name="/home/runner/.m2/repository/org/apache/maven/resolver/maven-resolver-transport-file/1.6.3/maven-resolver-transport-file-1.6.3.jar" package="maven-resolver-transport-file-1.6.3.jar" skipped="0" tests="1" timestamp="2021-12-18T18:26:33.534854"><testcase classname="dependency-check" name="maven-resolver-transport-file-1.6.3.jar"/></testsuite><testsuite failures="0" id="80" name="/home/runner/.m2/repository/org/apache/maven/resolver/maven-resolver-transport-http/1.7.2/maven-resolver-transport-http-1.7.2.jar" package="maven-resolver-transport-http-1.7.2.jar" skipped="0" tests="1" timestamp="2021-12-18T18:26:33.534854"><testcase classname="dependency-check" name="maven-resolver-transport-http-1.7.2.jar"/></testsuite><testsuite failures="0" id="81" name="/home/runner/.m2/repository/org/apache/maven/resolver/maven-resolver-util/1.7.2/maven-resolver-util-1.7.2.jar" package="maven-resolver-util-1.7.2.jar" skipped="0" tests="1" timestamp="2021-12-18T18:26:33.534854"><testcase classname="dependency-check" name="maven-resolver-util-1.7.2.jar"/></testsuite><testsuite failures="0" id="82" name="/home/runner/.m2/repository/org/apache/maven/maven-settings/3.8.3/maven-settings-3.8.3.jar" package="maven-settings-3.8.3.jar" skipped="0" tests="1" timestamp="2021-12-18T18:26:33.534854"><testcase classname="dependency-check" name="maven-settings-3.8.3.jar"/></testsuite><testsuite failures="0" id="83" name="/home/runner/.m2/repository/org/apache/maven/maven-settings-builder/3.8.3/maven-settings-builder-3.8.3.jar" package="maven-settings-builder-3.8.3.jar" skipped="0" tests="1" timestamp="2021-12-18T18:26:33.534854"><testcase classname="dependency-check" name="maven-settings-builder-3.8.3.jar"/></testsuite><testsuite failures="0" id="84" name="/home/runner/.m2/repository/org/apache/maven/shared/maven-shared-utils/3.3.4/maven-shared-utils-3.3.4.jar" package="maven-shared-utils-3.3.4.jar" skipped="0" tests="1" timestamp="2021-12-18T18:26:33.534854"><testcase classname="dependency-check" name="maven-shared-utils-3.3.4.jar"/></testsuite><testsuite failures="0" id="85" name="/home/runner/.m2/repository/com/esotericsoftware/minlog/1.3.1/minlog-1.3.1.jar" package="minlog-1.3.1.jar" skipped="0" tests="1" timestamp="2021-12-18T18:26:33.534854"><testcase classname="dependency-check" name="minlog-1.3.1.jar"/></testsuite><testsuite failures="0" id="86" name="/home/runner/.m2/repository/nvd-clojure/nvd-clojure/1.9.0/nvd-clojure-1.9.0.jar" package="nvd-clojure-1.9.0.jar" skipped="0" tests="1" timestamp="2021-12-18T18:26:33.534854"><testcase classname="dependency-check" name="nvd-clojure-1.9.0.jar"/></testsuite><testsuite failures="0" id="87" name="/home/runner/.m2/repository/org/eclipse/sisu/org.eclipse.sisu.inject/0.3.5/org.eclipse.sisu.inject-0.3.5.jar" package="org.eclipse.sisu.inject-0.3.5.jar" skipped="0" tests="1" timestamp="2021-12-18T18:26:33.534854"><testcase classname="dependency-check" name="org.eclipse.sisu.inject-0.3.5.jar"/></testsuite><testsuite failures="0" id="88" name="/home/runner/.m2/repository/org/eclipse/sisu/org.eclipse.sisu.plexus/0.3.5/org.eclipse.sisu.plexus-0.3.5.jar" package="org.eclipse.sisu.plexus-0.3.5.jar" skipped="0" tests="1" timestamp="2021-12-18T18:26:33.534854"><testcase classname="dependency-check" name="org.eclipse.sisu.plexus-0.3.5.jar"/></testsuite><testsuite failures="0" id="89" name="/home/runner/.m2/repository/org/sonatype/ossindex/ossindex-service-api/1.8.1/ossindex-service-api-1.8.1.jar" package="ossindex-service-api-1.8.1.jar" skipped="0" tests="1" timestamp="2021-12-18T18:26:33.534854"><testcase classname="dependency-check" name="ossindex-service-api-1.8.1.jar"/></testsuite><testsuite failures="0" id="90" name="/home/runner/.m2/repository/org/sonatype/ossindex/ossindex-service-client/1.8.1/ossindex-service-client-1.8.1.jar" package="ossindex-service-client-1.8.1.jar" skipped="0" tests="1" timestamp="2021-12-18T18:26:33.534854"><testcase classname="dependency-check" name="ossindex-service-client-1.8.1.jar"/></testsuite><testsuite failures="0" id="91" name="/home/runner/.m2/repository/org/sonatype/goodies/package-url-java/1.1.1/package-url-java-1.1.1.jar" package="package-url-java-1.1.1.jar" skipped="0" tests="1" timestamp="2021-12-18T18:26:33.534854"><testcase classname="dependency-check" name="package-url-java-1.1.1.jar"/></testsuite><testsuite failures="0" id="92" name="/home/runner/.m2/repository/org/eclipse/packager/packager-core/0.17.0/packager-core-0.17.0.jar" package="packager-core-0.17.0.jar" skipped="0" tests="1" timestamp="2021-12-18T18:26:33.534854"><testcase classname="dependency-check" name="packager-core-0.17.0.jar"/></testsuite><testsuite failures="0" id="93" name="/home/runner/.m2/repository/org/eclipse/packager/packager-rpm/0.17.0/packager-rpm-0.17.0.jar" package="packager-rpm-0.17.0.jar" skipped="0" tests="1" timestamp="2021-12-18T18:26:33.534854"><testcase classname="dependency-check" name="packager-rpm-0.17.0.jar"/></testsuite><testsuite failures="0" id="94" name="/home/runner/.m2/repository/com/github/package-url/packageurl-java/1.4.1/packageurl-java-1.4.1.jar" package="packageurl-java-1.4.1.jar" skipped="0" tests="1" timestamp="2021-12-18T18:26:33.534854"><testcase classname="dependency-check" name="packageurl-java-1.4.1.jar"/></testsuite><testsuite failures="0" id="95" name="/home/runner/.m2/repository/org/whitesource/pecoff4j/0.0.2.1/pecoff4j-0.0.2.1.jar" package="pecoff4j-0.0.2.1.jar" skipped="0" tests="1" timestamp="2021-12-18T18:26:33.534854"><testcase classname="dependency-check" name="pecoff4j-0.0.2.1.jar"/></testsuite><testsuite failures="0" id="96" name="/home/runner/.m2/repository/org/codehaus/plexus/plexus-cipher/2.0/plexus-cipher-2.0.jar" package="plexus-cipher-2.0.jar" skipped="0" tests="1" timestamp="2021-12-18T18:26:33.534854"><testcase classname="dependency-check" name="plexus-cipher-2.0.jar"/></testsuite><testsuite failures="0" id="97" name="/home/runner/.m2/repository/org/codehaus/plexus/plexus-classworlds/2.6.0/plexus-classworlds-2.6.0.jar" package="plexus-classworlds-2.6.0.jar" skipped="0" tests="1" timestamp="2021-12-18T18:26:33.534854"><testcase classname="dependency-check" name="plexus-classworlds-2.6.0.jar"/></testsuite><testsuite failures="0" id="98" name="/home/runner/.m2/repository/org/codehaus/plexus/plexus-component-annotations/2.1.0/plexus-component-annotations-2.1.0.jar" package="plexus-component-annotations-2.1.0.jar" skipped="0" tests="1" timestamp="2021-12-18T18:26:33.534854"><testcase classname="dependency-check" name="plexus-component-annotations-2.1.0.jar"/></testsuite><testsuite failures="0" id="99" name="/home/runner/.m2/repository/org/codehaus/plexus/plexus-interpolation/1.26/plexus-interpolation-1.26.jar" package="plexus-interpolation-1.26.jar" skipped="0" tests="1" timestamp="2021-12-18T18:26:33.534854"><testcase classname="dependency-check" name="plexus-interpolation-1.26.jar"/></testsuite><testsuite failures="0" id="100" name="/home/runner/.m2/repository/org/codehaus/plexus/plexus-sec-dispatcher/2.0/plexus-sec-dispatcher-2.0.jar" package="plexus-sec-dispatcher-2.0.jar" skipped="0" tests="1" timestamp="2021-12-18T18:26:33.534854"><testcase classname="dependency-check" name="plexus-sec-dispatcher-2.0.jar"/></testsuite><testsuite failures="0" id="101" name="/home/runner/.m2/repository/org/codehaus/plexus/plexus-utils/3.4.1/plexus-utils-3.4.1.jar" package="plexus-utils-3.4.1.jar" skipped="0" tests="1" timestamp="2021-12-18T18:26:33.534854"><testcase classname="dependency-check" name="plexus-utils-3.4.1.jar"/></testsuite><testsuite failures="0" id="102" name="/home/runner/.m2/repository/com/h3xstream/retirejs/retirejs-core/3.0.3/retirejs-core-3.0.3.jar" package="retirejs-core-3.0.3.jar" skipped="0" tests="1" timestamp="2021-12-18T18:26:33.534854"><testcase classname="dependency-check" name="retirejs-core-3.0.3.jar"/></testsuite><testsuite failures="0" id="103" name="/home/runner/.m2/repository/com/cognitect/aws/s3/814.2.991.0/s3-814.2.991.0.jar" package="s3-814.2.991.0.jar" skipped="0" tests="1" timestamp="2021-12-18T18:26:33.534854"><testcase classname="dependency-check" name="s3-814.2.991.0.jar"/></testsuite><testsuite failures="0" id="104" name="/home/runner/.m2/repository/com/vdurmont/semver4j/3.1.0/semver4j-3.1.0.jar" package="semver4j-3.1.0.jar" skipped="0" tests="1" timestamp="2021-12-18T18:26:33.534854"><testcase classname="dependency-check" name="semver4j-3.1.0.jar"/></testsuite><testsuite failures="0" id="105" name="/home/runner/.m2/repository/org/slf4j/slf4j-api/2.0.0-alpha1/slf4j-api-2.0.0-alpha1.jar" package="slf4j-api-2.0.0-alpha1.jar" skipped="0" tests="1" timestamp="2021-12-18T18:26:33.534854"><testcase classname="dependency-check" name="slf4j-api-2.0.0-alpha1.jar"/></testsuite><testsuite failures="0" id="106" name="/home/runner/.m2/repository/org/slf4j/slf4j-simple/2.0.0-alpha1/slf4j-simple-2.0.0-alpha1.jar" package="slf4j-simple-2.0.0-alpha1.jar" skipped="0" tests="1" timestamp="2021-12-18T18:26:33.534854"><testcase classname="dependency-check" name="slf4j-simple-2.0.0-alpha1.jar"/></testsuite><testsuite failures="0" id="107" name="/home/runner/.m2/repository/org/clojure/spec.alpha/0.2.194/spec.alpha-0.2.194.jar" package="spec.alpha-0.2.194.jar" skipped="0" tests="1" timestamp="2021-12-18T18:26:33.534854"><testcase classname="dependency-check" name="spec.alpha-0.2.194.jar"/></testsuite><testsuite failures="0" id="108" name="/home/runner/.m2/repository/rm-hull/table/0.7.1/table-0.7.1.jar" package="table-0.7.1.jar" skipped="0" tests="1" timestamp="2021-12-18T18:26:33.534854"><testcase classname="dependency-check" name="table-0.7.1.jar"/></testsuite><testsuite failures="0" id="109" name="/home/runner/.m2/repository/com/moandjiezana/toml/toml4j/0.7.2/toml4j-0.7.2.jar" package="toml4j-0.7.2.jar" skipped="0" tests="1" timestamp="2021-12-18T18:26:33.534854"><testcase classname="dependency-check" name="toml4j-0.7.2.jar"/></testsuite><testsuite failures="0" id="110" name="/home/runner/.m2/repository/org/clojure/tools.analyzer/1.1.0/tools.analyzer-1.1.0.jar" package="tools.analyzer-1.1.0.jar" skipped="0" tests="1" timestamp="2021-12-18T18:26:33.534854"><testcase classname="dependency-check" name="tools.analyzer-1.1.0.jar"/></testsuite><testsuite failures="0" id="111" name="/home/runner/.m2/repository/org/clojure/tools.analyzer.jvm/1.2.0/tools.analyzer.jvm-1.2.0.jar" package="tools.analyzer.jvm-1.2.0.jar" skipped="0" tests="1" timestamp="2021-12-18T18:26:33.534854"><testcase classname="dependency-check" name="tools.analyzer.jvm-1.2.0.jar"/></testsuite><testsuite failures="0" id="112" name="/home/runner/.m2/repository/org/clojure/tools.cli/1.0.206/tools.cli-1.0.206.jar" package="tools.cli-1.0.206.jar" skipped="0" tests="1" timestamp="2021-12-18T18:26:33.534854"><testcase classname="dependency-check" name="tools.cli-1.0.206.jar"/></testsuite><testsuite failures="0" id="113" name="/home/runner/.m2/repository/org/clojure/tools.deps.alpha/0.12.1071/tools.deps.alpha-0.12.1071.jar" package="tools.deps.alpha-0.12.1071.jar" skipped="0" tests="1" timestamp="2021-12-18T18:26:33.534854"><testcase classname="dependency-check" name="tools.deps.alpha-0.12.1071.jar"/></testsuite><testsuite failures="0" id="114" name="/home/runner/.m2/repository/org/clojure/tools.gitlibs/2.4.172/tools.gitlibs-2.4.172.jar" package="tools.gitlibs-2.4.172.jar" skipped="0" tests="1" timestamp="2021-12-18T18:26:33.534854"><testcase classname="dependency-check" name="tools.gitlibs-2.4.172.jar"/></testsuite><testsuite failures="0" id="115" name="/home/runner/.m2/repository/org/clojure/tools.logging/1.1.0/tools.logging-1.1.0.jar" package="tools.logging-1.1.0.jar" skipped="0" tests="1" timestamp="2021-12-18T18:26:33.534854"><testcase classname="dependency-check" name="tools.logging-1.1.0.jar"/></testsuite><testsuite failures="0" id="116" name="/home/runner/.m2/repository/org/clojure/tools.reader/1.3.2/tools.reader-1.3.2.jar" package="tools.reader-1.3.2.jar" skipped="0" tests="1" timestamp="2021-12-18T18:26:33.534854"><testcase classname="dependency-check" name="tools.reader-1.3.2.jar"/></testsuite><testsuite failures="0" id="117" name="/home/runner/.m2/repository/org/apache/velocity/velocity-engine-core/2.3/velocity-engine-core-2.3.jar/META-INF/maven/commons-io/commons-io/pom.xml" package="velocity-engine-core-2.3.jar (shaded: commons-io:commons-io:2.8.0)" skipped="0" tests="1" timestamp="2021-12-18T18:26:33.534854"><testcase classname="dependency-check" name="velocity-engine-core-2.3.jar (shaded: commons-io:commons-io:2.8.0)"/></testsuite><testsuite failures="0" id="118" name="/home/runner/.m2/repository/org/apache/velocity/velocity-engine-core/2.3/velocity-engine-core-2.3.jar" package="velocity-engine-core-2.3.jar" skipped="0" tests="1" timestamp="2021-12-18T18:26:33.534854"><testcase classname="dependency-check" name="velocity-engine-core-2.3.jar"/></testsuite><testsuite failures="0" id="119" name="/home/runner/.m2/repository/trptcolin/versioneer/0.2.0/versioneer-0.2.0.jar" package="versioneer-0.2.0.jar" skipped="0" tests="1" timestamp="2021-12-18T18:26:33.534854"><testcase classname="dependency-check" name="versioneer-0.2.0.jar"/></testsuite><testsuite failures="0" id="120" name="/home/runner/.m2/repository/org/tukaani/xz/1.8/xz-1.8.jar" package="xz-1.8.jar" skipped="0" tests="1" timestamp="2021-12-18T18:26:33.534854"><testcase classname="dependency-check" name="xz-1.8.jar"/></testsuite></testsuites>